[debug] [2017-10-17T16:01:05.172Z] ----------------------------------------------------------------------
[debug] [2017-10-17T16:01:05.174Z] Command:       C:\Program Files\nodejs\node.exe C:\Users\SethP\AppData\Roaming\npm\node_modules\firebase-tools\bin\firebase serve
[debug] [2017-10-17T16:01:05.174Z] CLI Version:   3.13.1
[debug] [2017-10-17T16:01:05.174Z] Platform:      win32
[debug] [2017-10-17T16:01:05.174Z] Node Version:  v8.1.3
[debug] [2017-10-17T16:01:05.174Z] Time:          Tue Oct 17 2017 12:01:05 GMT-0400 (Eastern Daylight Time)
[debug] [2017-10-17T16:01:05.174Z] ----------------------------------------------------------------------
[debug] 
[debug] [2017-10-17T16:01:05.207Z] > command requires scopes: ["email","openid","https://www.googleapis.com/auth/cloudplatformprojects.readonly","https://www.googleapis.com/auth/firebase","https://www.googleapis.com/auth/cloud-platform"]
[debug] [2017-10-17T16:01:05.208Z] > authorizing via signed-in user
[debug] [2017-10-17T16:01:05.209Z] > refreshing access token with scopes: ["email","https://www.googleapis.com/auth/cloud-platform","https://www.googleapis.com/auth/cloudplatformprojects.readonly","https://www.googleapis.com/auth/firebase","openid"]
[debug] [2017-10-17T16:01:05.210Z] >>> HTTP REQUEST POST https://www.googleapis.com/oauth2/v3/token { refresh_token: '1/I39VHTczljq5LyoY6dtw6A-tJr0rk-2MrRJNuS_OUso',
  client_id: '563584335869-fgrhgmd47bqnekij5i8b5pr03ho849e6.apps.googleusercontent.com',
  client_secret: 'j9iVZfS8kkCEFUPaAeJV0sAi',
  grant_type: 'refresh_token',
  scope: 'email https://www.googleapis.com/auth/cloud-platform https://www.googleapis.com/auth/cloudplatformprojects.readonly https://www.googleapis.com/auth/firebase openid' } 
 Tue Oct 17 2017 12:01:05 GMT-0400 (Eastern Daylight Time)
[debug] [2017-10-17T16:01:05.340Z] <<< HTTP RESPONSE 200
[debug] [2017-10-17T16:01:05.347Z] >>> HTTP REQUEST GET https://admin.firebase.com/v1/projects/thesethparrish  
 Tue Oct 17 2017 12:01:05 GMT-0400 (Eastern Daylight Time)
[debug] [2017-10-17T16:01:05.687Z] <<< HTTP RESPONSE 200
[debug] [2017-10-17T16:01:05.688Z] >>> HTTP REQUEST GET https://admin.firebase.com/v1/database/thesethparrish/tokens  
 Tue Oct 17 2017 12:01:05 GMT-0400 (Eastern Daylight Time)
[debug] [2017-10-17T16:01:06.712Z] <<< HTTP RESPONSE 200
[info] 
[info] === Serving from 'C:\Users\SethP\Documents\Github\TheSethParrish'...
[info] 
[debug] [2017-10-17T16:01:06.721Z] >>> HTTP REQUEST GET https://cloudresourcemanager.googleapis.com/v1/projects/thesethparrish  
 Tue Oct 17 2017 12:01:06 GMT-0400 (Eastern Daylight Time)
[debug] [2017-10-17T16:01:06.953Z] <<< HTTP RESPONSE 200
[debug] [2017-10-17T16:01:06.954Z] >>> HTTP REQUEST GET https://mobilesdk-pa.googleapis.com/v1/projects/756310888603/clients/_:getWebAppConfig  
 Tue Oct 17 2017 12:01:06 GMT-0400 (Eastern Daylight Time)
[debug] [2017-10-17T16:01:07.288Z] <<< HTTP RESPONSE 200
[info] i  hosting: Serving hosting files from: public
[info] +  hosting: Local server: http://localhost:5000

[info] Shutting down...
